(---------------------------------------------------------------------)
(                                                                     )
(    ARTWORK LOG                                                      )
(                                                                     )
(    Drawing          : VL53L0X.brd                                   )
(    Software Version : 16.6-2015S066                                 )
(    Date/Time        : Fri Sep 30 11:40:01 2016                      )
(                                                                     )
(---------------------------------------------------------------------)


 ---- Photoplot outline rectangle not found; using drawing extents.



Results from parameter file ...
    DEVICE-TYPE           GERBER_RS274X
    OUTPUT-UNITS          INCHES
    FILM-SIZE             2400000 1600000
    FORMAT                2.5
    ABORT-ON-ERROR        NO
    SCALE                 1
    SUPPRESS-LEAD-ZEROES  YES
    SUPPRESS-TRAIL-ZEROES NO
    SUPPRESS-EQUAL        YES
    UNDEF-APT-CONT        NO



================================================================
     PROCESSING FILM < PASTEMASK_BOTTOM >
     TO FILE < F:/对外项目/激光测距/Hardware/PCB/OUT/PASTEMASK_BOTTOM.art > ...
================================================================

  FILM PARAMETERS :
  ---------------------------------------------------------
  Undefined line width                6.00
  Mirror code                         NONE
  Rotate angle                        NONE
  Offset x:                           0.00
  Offset y:                           0.00
  Plot negative                       NO
  Suppress unconnected internal pads  NO
  Draw holes only                     NO



  APERTURES USED:
  ---------------------------------------------------------
  TYPE       SIZE/NAME                   ROT   MIRROR MODE 
  ---------------------------------------------------------
  CIRCLE     0.00100                                  DARK 
  RECTANGLE  0.01673     x 0.03740       0.000 NO     DARK 
  RECTANGLE  0.02264     x 0.05512       0.000 NO     DARK 
  RECTANGLE  0.02362     x 0.01969       0.000 NO     DARK 
  RECTANGLE  0.02362     x 0.01969      90.000 NO     DARK 
  OBLONG     0.06102     x 0.01280       0.000 NO     DARK 

     PASTEMASK_BOTTOM created.


================================================================
     PROCESSING FILM < PASTEMASK_TOP >
     TO FILE < F:/对外项目/激光测距/Hardware/PCB/OUT/PASTEMASK_TOP.art > ...
================================================================

  FILM PARAMETERS :
  ---------------------------------------------------------
  Undefined line width                6.00
  Mirror code                         NONE
  Rotate angle                        NONE
  Offset x:                           0.00
  Offset y:                           0.00
  Plot negative                       NO
  Suppress unconnected internal pads  NO
  Draw holes only                     NO



  APERTURES USED:
  ---------------------------------------------------------
  TYPE       SIZE/NAME                   ROT   MIRROR MODE 
  ---------------------------------------------------------
  CIRCLE     0.00100                                  DARK 
  RECTANGLE  0.01673     x 0.03740       0.000 NO     DARK 
  RECTANGLE  0.02264     x 0.05512       0.000 NO     DARK 
  RECTANGLE  0.02953     x 0.03150       0.000 NO     DARK 
  RECTANGLE  0.03937     x 0.02362      90.000 NO     DARK 
  RECTANGLE  0.05512     x 0.04331      90.000 NO     DARK 
  RECTANGLE  0.06102     x 0.02362       0.000 NO     DARK 
  RECTANGLE  0.07087     x 0.04724       0.000 NO     DARK 
  OBLONG     0.04429     x 0.02362       0.000 NO     DARK 
  OBLONG     0.04724     x 0.01181       0.000 NO     DARK 
  OBLONG     0.04724     x 0.01181      90.000 NO     DARK 

     PASTEMASK_TOP created.


================================================================
     PROCESSING FILM < SILKSCREEN_TOP >
     TO FILE < F:/对外项目/激光测距/Hardware/PCB/OUT/SILKSCREEN_TOP.art > ...
================================================================

  FILM PARAMETERS :
  ---------------------------------------------------------
  Undefined line width                6.00
  Mirror code                         NONE
  Rotate angle                        NONE
  Offset x:                           0.00
  Offset y:                           0.00
  Plot negative                       NO
  Suppress unconnected internal pads  NO
  Draw holes only                     NO



  APERTURES USED:
  ---------------------------------------------------------
  TYPE       SIZE/NAME                   ROT   MIRROR MODE 
  ---------------------------------------------------------
  CIRCLE     0.00100                                  DARK 
  CIRCLE     0.00394                                  DARK 
  CIRCLE     0.00500                                  DARK 
  CIRCLE     0.00600                                  DARK 
  CIRCLE     0.00787                                  DARK 
  CIRCLE     0.00800                                  DARK 
  CIRCLE     0.00984                                  DARK 
  CIRCLE     0.01969                                  DARK 

     SILKSCREEN_TOP created.


================================================================
     PROCESSING FILM < SILKSCREEN_BOTTOM >
     TO FILE < F:/对外项目/激光测距/Hardware/PCB/OUT/SILKSCREEN_BOTTOM.art > ...
================================================================

  FILM PARAMETERS :
  ---------------------------------------------------------
  Undefined line width                6.00
  Mirror code                         NONE
  Rotate angle                        NONE
  Offset x:                           0.00
  Offset y:                           0.00
  Plot negative                       NO
  Suppress unconnected internal pads  NO
  Draw holes only                     NO



  APERTURES USED:
  ---------------------------------------------------------
  TYPE       SIZE/NAME                   ROT   MIRROR MODE 
  ---------------------------------------------------------
  CIRCLE     0.00100                                  DARK 
  CIRCLE     0.00394                                  DARK 
  CIRCLE     0.00787                                  DARK 

     SILKSCREEN_BOTTOM created.


================================================================
     PROCESSING FILM < SOLDERMASK_BOTTOM >
     TO FILE < F:/对外项目/激光测距/Hardware/PCB/OUT/SOLDERMASK_BOTTOM.art > ...
================================================================

  FILM PARAMETERS :
  ---------------------------------------------------------
  Undefined line width                6.00
  Mirror code                         NONE
  Rotate angle                        NONE
  Offset x:                           0.00
  Offset y:                           0.00
  Plot negative                       NO
  Suppress unconnected internal pads  NO
  Draw holes only                     NO



  APERTURES USED:
  ---------------------------------------------------------
  TYPE       SIZE/NAME                   ROT   MIRROR MODE 
  ---------------------------------------------------------
  CIRCLE     0.00100                                  DARK 
  CIRCLE     0.05906                                  DARK 
  CIRCLE     0.06299                                  DARK 
  CIRCLE     0.17717                                  DARK 
  SQUARE     0.06299                     0.000 NO     DARK 
  RECTANGLE  0.01673     x 0.03740       0.000 NO     DARK 
  RECTANGLE  0.02264     x 0.05512       0.000 NO     DARK 
  RECTANGLE  0.02362     x 0.01969       0.000 NO     DARK 
  RECTANGLE  0.02362     x 0.01969      90.000 NO     DARK 
  OBLONG     0.06102     x 0.01280       0.000 NO     DARK 

     SOLDERMASK_BOTTOM created.


================================================================
     PROCESSING FILM < SOLDERMASK_TOP >
     TO FILE < F:/对外项目/激光测距/Hardware/PCB/OUT/SOLDERMASK_TOP.art > ...
================================================================

  FILM PARAMETERS :
  ---------------------------------------------------------
  Undefined line width                6.00
  Mirror code                         NONE
  Rotate angle                        NONE
  Offset x:                           0.00
  Offset y:                           0.00
  Plot negative                       NO
  Suppress unconnected internal pads  NO
  Draw holes only                     NO



  APERTURES USED:
  ---------------------------------------------------------
  TYPE       SIZE/NAME                   ROT   MIRROR MODE 
  ---------------------------------------------------------
  CIRCLE     0.00100                                  DARK 
  CIRCLE     0.05906                                  DARK 
  CIRCLE     0.06299                                  DARK 
  CIRCLE     0.17717                                  DARK 
  SQUARE     0.06299                     0.000 NO     DARK 
  RECTANGLE  0.01673     x 0.03740       0.000 NO     DARK 
  RECTANGLE  0.02264     x 0.05512       0.000 NO     DARK 
  RECTANGLE  0.02953     x 0.03150       0.000 NO     DARK 
  RECTANGLE  0.03937     x 0.02362      90.000 NO     DARK 
  RECTANGLE  0.05512     x 0.04331      90.000 NO     DARK 
  RECTANGLE  0.06102     x 0.02362       0.000 NO     DARK 
  RECTANGLE  0.07087     x 0.04724       0.000 NO     DARK 
  OBLONG     0.04429     x 0.02362       0.000 NO     DARK 
  OBLONG     0.04724     x 0.01181       0.000 NO     DARK 
  OBLONG     0.04724     x 0.01181      90.000 NO     DARK 

     SOLDERMASK_TOP created.


================================================================
     PROCESSING FILM < DRILL >
     TO FILE < F:/对外项目/激光测距/Hardware/PCB/OUT/DRILL.art > ...
================================================================

  FILM PARAMETERS :
  ---------------------------------------------------------
  Undefined line width                1.00
  Mirror code                         NONE
  Rotate angle                        NONE
  Offset x:                           0.00
  Offset y:                           0.00
  Plot negative                       NO
  Suppress unconnected internal pads  NO
  Draw holes only                     NO

    WARNING: 0 width line found at (1464.40 -7.60)
           ... using undefined line width of 1.00

    WARNING: Multiple 0 width lines; all will be treated the same as the first.
           ... using undefined line width of 1.00

    WARNING: text composed 0 width line found at (1913.90 804.90)
           ... using undefined line width of 1.00

    WARNING: text having Multiple 0 width lines; all will be treated the same as the first.
           ... using undefined line width of 1.00



  APERTURES USED:
  ---------------------------------------------------------
  TYPE       SIZE/NAME                   ROT   MIRROR MODE 
  ---------------------------------------------------------
  CIRCLE     0.00100                                  DARK 

     DRILL created with warnings


================================================================
     PROCESSING FILM < BOTTOM >
     TO FILE < F:/对外项目/激光测距/Hardware/PCB/OUT/BOTTOM.art > ...
================================================================

  FILM PARAMETERS :
  ---------------------------------------------------------
  Undefined line width                1.00
  Mirror code                         NONE
  Rotate angle                        NONE
  Offset x:                           0.00
  Offset y:                           0.00
  Plot negative                       NO
  Suppress unconnected internal pads  NO
  Draw holes only                     NO



  APERTURES USED:
  ---------------------------------------------------------
  TYPE       SIZE/NAME                   ROT   MIRROR MODE 
  ---------------------------------------------------------
  CIRCLE     0.00100                                  DARK 
  CIRCLE     0.00800                                  DARK 
  CIRCLE     0.01000                                  DARK 
  CIRCLE     0.01200                                  DARK 
  CIRCLE     0.02000                                  DARK 
  CIRCLE     0.05906                                  DARK 
  CIRCLE     0.06299                                  DARK 
  CIRCLE     0.17717                                  DARK 
  SQUARE     0.06299                     0.000 NO     DARK 
  RECTANGLE  0.01673     x 0.03740       0.000 NO     DARK 
  RECTANGLE  0.02264     x 0.05512       0.000 NO     DARK 
  RECTANGLE  0.02362     x 0.01969       0.000 NO     DARK 
  RECTANGLE  0.02362     x 0.01969      90.000 NO     DARK 
  OBLONG     0.06102     x 0.01280       0.000 NO     DARK 

     BOTTOM created.


================================================================
     PROCESSING FILM < TOP >
     TO FILE < F:/对外项目/激光测距/Hardware/PCB/OUT/TOP.art > ...
================================================================

  FILM PARAMETERS :
  ---------------------------------------------------------
  Undefined line width                6.00
  Mirror code                         NONE
  Rotate angle                        NONE
  Offset x:                           0.00
  Offset y:                           0.00
  Plot negative                       NO
  Suppress unconnected internal pads  NO
  Draw holes only                     NO



  APERTURES USED:
  ---------------------------------------------------------
  TYPE       SIZE/NAME                   ROT   MIRROR MODE 
  ---------------------------------------------------------
  CIRCLE     0.00100                                  DARK 
  CIRCLE     0.00800                                  DARK 
  CIRCLE     0.01000                                  DARK 
  CIRCLE     0.01200                                  DARK 
  CIRCLE     0.01500                                  DARK 
  CIRCLE     0.02000                                  DARK 
  CIRCLE     0.02500                                  DARK 
  CIRCLE     0.05906                                  DARK 
  CIRCLE     0.06299                                  DARK 
  CIRCLE     0.17717                                  DARK 
  SQUARE     0.06299                     0.000 NO     DARK 
  RECTANGLE  0.01673     x 0.03740       0.000 NO     DARK 
  RECTANGLE  0.02264     x 0.05512       0.000 NO     DARK 
  RECTANGLE  0.02953     x 0.03150       0.000 NO     DARK 
  RECTANGLE  0.03937     x 0.02362      90.000 NO     DARK 
  RECTANGLE  0.05512     x 0.04331      90.000 NO     DARK 
  RECTANGLE  0.06102     x 0.02362       0.000 NO     DARK 
  RECTANGLE  0.07087     x 0.04724       0.000 NO     DARK 
  OBLONG     0.04429     x 0.02362       0.000 NO     DARK 
  OBLONG     0.04724     x 0.01102       0.000 NO     DARK 
  OBLONG     0.04724     x 0.01102      90.000 NO     DARK 

     TOP created.


------------------------------------------------------
 SUMMARY:
        PASTEMASK_BOTTOM created.
        PASTEMASK_TOP created.
        SILKSCREEN_TOP created.
        SILKSCREEN_BOTTOM created.
        SOLDERMASK_BOTTOM created.
        SOLDERMASK_TOP created.
        DRILL created with warnings
        BOTTOM created.
        TOP created.

 ARTWORK had warnings
